This file contains any messages produced by compilers while
running configure, to aid debugging if configure makes a mistake.

It was created by configure, which was
generated by GNU Autoconf 2.69.  Invocation command line was

  $ ./configure --with-openssl-dir=/usr/local/opt/openssl

## --------- ##
## Platform. ##
## --------- ##

hostname = ip-172-31-42-18
uname -m = x86_64
uname -r = 4.4.0-1038-aws
uname -s = Linux
uname -v = #47-Ubuntu SMP Thu Sep 28 20:05:35 UTC 2017

/usr/bin/uname -p = unknown
/bin/uname -X     = unknown

/bin/arch              = unknown
/usr/bin/arch -k       = unknown
/usr/convex/getsysinfo = unknown
/usr/bin/hostinfo      = unknown
/bin/machine           = unknown
/usr/bin/oslevel       = unknown
/bin/universe          = unknown

PATH: /usr/local/sbin
PATH: /usr/local/bin
PATH: /usr/sbin
PATH: /usr/bin
PATH: /sbin
PATH: /bin
PATH: /snap/bin


## ----------- ##
## Core tests. ##
## ----------- ##

configure:2332: checking for grep that handles long lines and -e
configure:2390: result: /bin/grep
configure:2395: checking for egrep
configure:2457: result: /bin/grep -E
configure:2462: checking for a sed that does not truncate output
configure:2526: result: /bin/sed
configure:2665: checking for cc
configure:2681: found /usr/bin/cc
configure:2692: result: cc
configure:2723: checking for C compiler version
configure:2732: cc --version >&5
cc (Ubuntu 5.4.0-6ubuntu1~16.04.5) 5.4.0 20160609
Copyright (C) 2015 Free Software Foundation, Inc.
This is free software; see the source for copying conditions.  There is NO
warranty; not even for MERCHANTABILITY or FITNESS FOR A PARTICULAR PURPOSE.

configure:2743: $? = 0
configure:2732: cc -v >&5
Using built-in specs.
COLLECT_GCC=cc
COLLECT_LTO_WRAPPER=/usr/lib/gcc/x86_64-linux-gnu/5/lto-wrapper
Target: x86_64-linux-gnu
Configured with: ../src/configure -v --with-pkgversion='Ubuntu 5.4.0-6ubuntu1~16.04.5' --with-bugurl=file:///usr/share/doc/gcc-5/README.Bugs --enable-languages=c,ada,c++,java,go,d,fortran,objc,obj-c++ --prefix=/usr --program-suffix=-5 --enable-shared --enable-linker-build-id --libexecdir=/usr/lib --without-included-gettext --enable-threads=posix --libdir=/usr/lib --enable-nls --with-sysroot=/ --enable-clocale=gnu --enable-libstdcxx-debug --enable-libstdcxx-time=yes --with-default-libstdcxx-abi=new --enable-gnu-unique-object --disable-vtable-verify --enable-libmpx --enable-plugin --with-system-zlib --disable-browser-plugin --enable-java-awt=gtk --enable-gtk-cairo --with-java-home=/usr/lib/jvm/java-1.5.0-gcj-5-amd64/jre --enable-java-home --with-jvm-root-dir=/usr/lib/jvm/java-1.5.0-gcj-5-amd64 --with-jvm-jar-dir=/usr/lib/jvm-exports/java-1.5.0-gcj-5-amd64 --with-arch-directory=amd64 --with-ecj-jar=/usr/share/java/eclipse-ecj.jar --enable-objc-gc --enable-multiarch --disable-werror --with-arch-32=i686 --with-abi=m64 --with-multilib-list=m32,m64,mx32 --enable-multilib --with-tune=generic --enable-checking=release --build=x86_64-linux-gnu --host=x86_64-linux-gnu --target=x86_64-linux-gnu
Thread model: posix
gcc version 5.4.0 20160609 (Ubuntu 5.4.0-6ubuntu1~16.04.5) 
configure:2743: $? = 0
configure:2732: cc -V >&5
cc: error: unrecognized command line option '-V'
cc: fatal error: no input files
compilation terminated.
configure:2743: $? = 1
configure:2732: cc -qversion >&5
cc: error: unrecognized command line option '-qversion'
cc: fatal error: no input files
compilation terminated.
configure:2743: $? = 1
configure:2763: checking whether the C compiler works
configure:2785: cc    conftest.c  >&5
configure:2789: $? = 0
configure:2837: result: yes
configure:2840: checking for C compiler default output file name
configure:2842: result: a.out
configure:2848: checking for suffix of executables
configure:2855: cc -o conftest    conftest.c  >&5
configure:2859: $? = 0
configure:2881: result: 
configure:2903: checking whether we are cross compiling
configure:2911: cc -o conftest    conftest.c  >&5
configure:2915: $? = 0
configure:2922: ./conftest
configure:2926: $? = 0
configure:2941: result: no
configure:2946: checking for suffix of object files
configure:2968: cc -c   conftest.c >&5
configure:2972: $? = 0
configure:2993: result: o
configure:2997: checking whether we are using the GNU C compiler
configure:3016: cc -c   conftest.c >&5
configure:3016: $? = 0
configure:3025: result: yes
configure:3034: checking whether cc accepts -g
configure:3054: cc -c -g  conftest.c >&5
configure:3054: $? = 0
configure:3095: result: yes
configure:3112: checking for cc option to accept ISO C89
configure:3175: cc  -c -g -O2  conftest.c >&5
configure:3175: $? = 0
configure:3188: result: none needed
configure:3214: checking how to run the C preprocessor
configure:3245: cc -E  conftest.c
configure:3245: $? = 0
configure:3259: cc -E  conftest.c
conftest.c:9:28: fatal error: ac_nonexistent.h: No such file or directory
compilation terminated.
configure:3259: $? = 1
configure: failed program was:
| /* confdefs.h */
| #define PACKAGE_NAME ""
| #define PACKAGE_TARNAME ""
| #define PACKAGE_VERSION ""
| #define PACKAGE_STRING ""
| #define PACKAGE_BUGREPORT ""
| #define PACKAGE_URL ""
| /* end confdefs.h.  */
| #include <ac_nonexistent.h>
configure:3284: result: cc -E
configure:3304: cc -E  conftest.c
configure:3304: $? = 0
configure:3318: cc -E  conftest.c
conftest.c:9:28: fatal error: ac_nonexistent.h: No such file or directory
compilation terminated.
configure:3318: $? = 1
configure: failed program was:
| /* confdefs.h */
| #define PACKAGE_NAME ""
| #define PACKAGE_TARNAME ""
| #define PACKAGE_VERSION ""
| #define PACKAGE_STRING ""
| #define PACKAGE_BUGREPORT ""
| #define PACKAGE_URL ""
| /* end confdefs.h.  */
| #include <ac_nonexistent.h>
configure:3349: checking for icc
configure:3358: result: no
configure:3372: checking for suncc
configure:3381: result: no
configure:3399: checking whether cc understands -c and -o together
configure:3427: cc -c conftest.c -o conftest2.o >&5
configure:3431: $? = 0
configure:3437: cc -c conftest.c -o conftest2.o >&5
configure:3441: $? = 0
configure:3496: result: yes
configure:3510: checking for system library directory
configure:3525: result: lib
configure:3532: checking if compiler supports -R
configure:3551: cc -o conftest -g -O2   conftest.c -R /usr/lib  >&5
cc: error: unrecognized command line option '-R'
configure:3551: $? = 1
configure: failed program was:
| /* confdefs.h */
| #define PACKAGE_NAME ""
| #define PACKAGE_TARNAME ""
| #define PACKAGE_VERSION ""
| #define PACKAGE_STRING ""
| #define PACKAGE_BUGREPORT ""
| #define PACKAGE_URL ""
| /* end confdefs.h.  */
| 
| int
| main ()
| {
| 
|   ;
|   return 0;
| }
configure:3561: result: no
configure:3566: checking if compiler supports -Wl,-rpath,
configure:3585: cc -o conftest -g -O2   conftest.c -Wl,-rpath,/usr/lib  >&5
configure:3585: $? = 0
configure:3595: result: yes
configure:3640: checking build system type
configure:3654: result: x86_64-pc-linux-gnu
configure:3674: checking host system type
configure:3687: result: x86_64-pc-linux-gnu
configure:3707: checking target system type
configure:3720: result: x86_64-pc-linux-gnu
configure:3823: checking for PHP prefix
configure:3825: result: /usr
configure:3827: checking for PHP includes
configure:3829: result: -I/usr/include/php/20151012 -I/usr/include/php/20151012/main -I/usr/include/php/20151012/TSRM -I/usr/include/php/20151012/Zend -I/usr/include/php/20151012/ext -I/usr/include/php/20151012/ext/date/lib
configure:3831: checking for PHP extension directory
configure:3833: result: /usr/lib/php/20151012
configure:3835: checking for PHP installed headers prefix
configure:3837: result: /usr/include/php/20151012
configure:3840: checking if debug is enabled
configure:3866: result: no
configure:3869: checking if zts is enabled
configure:3895: result: no
configure:3966: checking for re2c
configure:3996: result: no
configure:4021: WARNING: You will need re2c 0.13.4 or later if you want to regenerate PHP parsers.
configure:4035: checking for gawk
configure:4052: found /usr/bin/gawk
configure:4063: result: gawk
configure:4106: checking whether to enable mongodb support
configure:4145: result: yes, shared
configure:4153: checking OpenSSL dir for mongodb
configure:4168: result: /usr/local/opt/openssl
configure:4176: checking whether to use system default cipher list instead of hardcoded value
configure:4191: result: no
configure:4211: checking PHP version
configure:4215: result: 70022
configure:4222: checking whether to enable developer build flags
configure:4236: result: no
configure:5092: checking whether to enable code coverage
configure:5106: result: no
configure:5238: checking whether to use system libbson
configure:5253: result: no
configure:5261: checking whether to use system libmongoc
configure:5276: result: no
configure:5568: checking configuring libmongoc
configure:5570: result: ...
configure:5844: checking for pkg-config
configure:5875: result: no
configure:6049: error: Cannot find OpenSSL's <evp.h>

## ---------------- ##
## Cache variables. ##
## ---------------- ##

ac_cv_build=x86_64-pc-linux-gnu
ac_cv_c_compiler_gnu=yes
ac_cv_env_CCC_set=
ac_cv_env_CCC_value=
ac_cv_env_CC_set=
ac_cv_env_CC_value=
ac_cv_env_CFLAGS_set=
ac_cv_env_CFLAGS_value=
ac_cv_env_CPPFLAGS_set=
ac_cv_env_CPPFLAGS_value=
ac_cv_env_CPP_set=
ac_cv_env_CPP_value=
ac_cv_env_CXXFLAGS_set=
ac_cv_env_CXXFLAGS_value=
ac_cv_env_CXX_set=
ac_cv_env_CXX_value=
ac_cv_env_LDFLAGS_set=
ac_cv_env_LDFLAGS_value=
ac_cv_env_LIBS_set=
ac_cv_env_LIBS_value=
ac_cv_env_LT_SYS_LIBRARY_PATH_set=
ac_cv_env_LT_SYS_LIBRARY_PATH_value=
ac_cv_env_build_alias_set=
ac_cv_env_build_alias_value=
ac_cv_env_host_alias_set=
ac_cv_env_host_alias_value=
ac_cv_env_target_alias_set=
ac_cv_env_target_alias_value=
ac_cv_host=x86_64-pc-linux-gnu
ac_cv_objext=o
ac_cv_path_EGREP='/bin/grep -E'
ac_cv_path_GREP=/bin/grep
ac_cv_path_PKG_CONFIG=no
ac_cv_path_SED=/bin/sed
ac_cv_prog_AWK=gawk
ac_cv_prog_CPP='cc -E'
ac_cv_prog_ac_ct_CC=cc
ac_cv_prog_cc_c89=
ac_cv_prog_cc_cc_c_o=yes
ac_cv_prog_cc_g=yes
ac_cv_target=x86_64-pc-linux-gnu
php_cv_cc_dashr=no
php_cv_cc_rpath=yes

## ----------------- ##
## Output variables. ##
## ----------------- ##

ACCEPT_ARG2=''
ACCEPT_ARG3=''
AR=''
AWK='gawk'
BSON_API_VERSION=''
BSON_BYTE_ORDER=''
BSON_EXTRA_ALIGN=''
BSON_HAVE_ATOMIC_32_ADD_AND_FETCH=''
BSON_HAVE_ATOMIC_64_ADD_AND_FETCH=''
BSON_HAVE_CLOCK_GETTIME=''
BSON_HAVE_DECIMAL128=''
BSON_HAVE_GMTIME_R=''
BSON_HAVE_REALLOCF=''
BSON_HAVE_SNPRINTF=''
BSON_HAVE_STDBOOL_H=''
BSON_HAVE_STRNLEN=''
BSON_HAVE_SYSCALL_TID=''
BSON_HAVE_TIMESPEC=''
BSON_MAJOR_VERSION=''
BSON_MICRO_VERSION=''
BSON_MINOR_VERSION=''
BSON_OS=''
BSON_PRERELEASE_VERSION=''
BSON_PTHREAD_ONCE_INIT_NEEDS_BRACES=''
BSON_RELEASED_MAJOR_VERSION=''
BSON_RELEASED_MICRO_VERSION=''
BSON_RELEASED_MINOR_VERSION=''
BSON_RELEASED_PRERELEASE_VERSION=''
BSON_RELEASED_VERSION=''
BSON_VERSION=''
CC='cc'
CFLAGS='-g -O2'
CONFIGURE_COMMAND=' '\''./configure'\''  '\''--with-openssl-dir=/usr/local/opt/openssl'\'''
CONFIGURE_OPTIONS=' '\''--with-openssl-dir=/usr/local/opt/openssl'\'''
CPP='cc -E'
CPPFLAGS=''
CXX=''
CXXFLAGS=''
DEFS=''
DLLTOOL=''
DSYMUTIL=''
DUMPBIN=''
ECHO_C=''
ECHO_N='-n'
ECHO_T=''
EGREP='/bin/grep -E'
EXEEXT=''
FGREP=''
GREP='/bin/grep'
LD=''
LDFLAGS=''
LIBC_FEATURES=''
LIBOBJS=''
LIBS=''
LIBTOOL=''
LIPO=''
LN_S=''
LTLIBOBJS=''
LT_SYS_LIBRARY_PATH=''
MANIFEST_TOOL=''
MONGOC_API_VERSION=''
MONGOC_CC='cc'
MONGOC_ENABLE_COMPRESSION=''
MONGOC_ENABLE_COMPRESSION_SNAPPY=''
MONGOC_ENABLE_COMPRESSION_ZLIB=''
MONGOC_ENABLE_CRYPTO='0'
MONGOC_ENABLE_CRYPTO_CNG=''
MONGOC_ENABLE_CRYPTO_COMMON_CRYPTO=''
MONGOC_ENABLE_CRYPTO_LIBCRYPTO='0'
MONGOC_ENABLE_CRYPTO_SYSTEM_PROFILE=''
MONGOC_ENABLE_SASL=''
MONGOC_ENABLE_SASL_CYRUS=''
MONGOC_ENABLE_SASL_GSSAPI=''
MONGOC_ENABLE_SASL_SSPI=''
MONGOC_ENABLE_SSL='0'
MONGOC_ENABLE_SSL_LIBRESSL=''
MONGOC_ENABLE_SSL_OPENSSL='0'
MONGOC_ENABLE_SSL_SECURE_CHANNEL=''
MONGOC_ENABLE_SSL_SECURE_TRANSPORT=''
MONGOC_HAVE_ASN1_STRING_GET0_DATA='0'
MONGOC_HAVE_SASL_CLIENT_DONE=''
MONGOC_HAVE_SOCKLEN=''
MONGOC_HAVE_WEAK_SYMBOLS=''
MONGOC_MAJOR_VERSION=''
MONGOC_MICRO_VERSION=''
MONGOC_MINOR_VERSION=''
MONGOC_NO_AUTOMATIC_GLOBALS=''
MONGOC_PRERELEASE_VERSION=''
MONGOC_RELEASED_MAJOR_VERSION=''
MONGOC_RELEASED_MICRO_VERSION=''
MONGOC_RELEASED_MINOR_VERSION=''
MONGOC_RELEASED_PRERELEASE_VERSION=''
MONGOC_RELEASED_VERSION=''
MONGOC_SOCKET_ARG2=''
MONGOC_SOCKET_ARG3=''
MONGOC_USER_SET_CFLAGS='-g -O2'
MONGOC_USER_SET_LDFLAGS=''
MONGOC_VERSION=''
NM=''
NMEDIT=''
OBJDUMP=''
OBJEXT='o'
OPENSSL_INCDIR_OPT=''
OTOOL64=''
OTOOL=''
PACKAGE_BUGREPORT=''
PACKAGE_NAME=''
PACKAGE_STRING=''
PACKAGE_TARNAME=''
PACKAGE_URL=''
PACKAGE_VERSION=''
PATH_SEPARATOR=':'
PKG_CONFIG='no'
PTHREAD_CC=''
PTHREAD_CFLAGS=''
PTHREAD_LIBS=''
RANLIB=''
RE2C='exit 0;'
SED='/bin/sed'
SHELL='/bin/bash'
SHLIB_DL_SUFFIX_NAME='so'
SHLIB_SUFFIX_NAME='so'
SOCKET_CFLAGS=''
SOCKET_LDFLAGS=''
STRIP=''
ac_ct_AR=''
ac_ct_CC='cc'
ac_ct_CXX=''
ac_ct_DUMPBIN=''
ax_pthread_config=''
bindir='${exec_prefix}/bin'
build='x86_64-pc-linux-gnu'
build_alias=''
build_cpu='x86_64'
build_os='linux-gnu'
build_vendor='pc'
datadir='${datarootdir}'
datarootdir='${prefix}/share'
docdir='${datarootdir}/doc/${PACKAGE}'
dvidir='${docdir}'
exec_prefix='NONE'
host='x86_64-pc-linux-gnu'
host_alias='x86_64-pc-linux-gnu'
host_cpu='x86_64'
host_os='linux-gnu'
host_vendor='pc'
htmldir='${docdir}'
includedir='${prefix}/include'
infodir='${datarootdir}/info'
libdir='${exec_prefix}/lib'
libexecdir='${exec_prefix}/libexec'
localedir='${datarootdir}/locale'
localstatedir='${prefix}/var'
mandir='${datarootdir}/man'
oldincludedir='/usr/include'
pdfdir='${docdir}'
prefix='/usr'
program_transform_name='s,x,x,'
psdir='${docdir}'
runstatedir='${localstatedir}/run'
sbindir='${exec_prefix}/sbin'
sharedstatedir='${prefix}/com'
sysconfdir='${prefix}/etc'
target='x86_64-pc-linux-gnu'
target_alias=''
target_cpu='x86_64'
target_os='linux-gnu'
target_vendor='pc'

## ----------- ##
## confdefs.h. ##
## ----------- ##

/* confdefs.h */
#define PACKAGE_NAME ""
#define PACKAGE_TARNAME ""
#define PACKAGE_VERSION ""
#define PACKAGE_STRING ""
#define PACKAGE_BUGREPORT ""
#define PACKAGE_URL ""

configure: exit 1
